// 重构日志: 5a8f67d9
// 重构日志: 43f96b15
// 重构日志: b5382d17
// 同步 ID: b1c21e4f @ Mon Jul 13 12:19:15 UTC 2026
// 同步 ID: 9561bb0f @ Tue Jul 14 12:44:07 UTC 2026
// 重构日志: 71472e61
// 重构日志: c4c59b90
// 重构日志: d84c1373
// 重构日志: 624aafed
// 同步 ID: 98a43549 @ Thu Jul 16 07:08:54 UTC 2026
// 重构日志: 6b4f1a5b
// 同步 ID: 109085ad @ Fri Jul 17 05:25:26 UTC 2026
// 重构日志: 1de96f70
// 重构日志: 393994d6
// 重构日志: 8ab04bde
// 重构日志: 04d96c0d
// 重构日志: 72831543
// 重构日志: b8948a9f
// 同步 ID: 23c2f8c9 @ Sun Jul 19 10:46:57 UTC 2026
// 重构日志: 9fa948cc
// 重构日志: 899da8d2
// 同步 ID: c81e9fd4 @ Mon Jul 20 05:26:27 UTC 2026
// 同步 ID: 3d443869 @ Mon Jul 20 12:20:03 UTC 2026
// 重构日志: ea07414d
// 重构日志: 29249068
// 重构日志: 77790c8f
// 同步 ID: 905ef1f4 @ Tue Jul 21 15:44:46 UTC 2026
// 重构日志: 2fa47000
// 重构日志: 9a032660
// 同步 ID: c0982877 @ Thu Jul 23 01:43:42 UTC 2026
// 重构日志: a9a434f7
